<?xml version="1.0" encoding="UTF-8"?>
<!-- Generated by org.testng.reporters.JUnitReportReporter -->
<testsuite hostname="NODE514" name="com.project.selenium.GoogleDemo" tests="1" failures="0" timestamp="14 Oct 2016 05:22:49 GMT" time="20.401" errors="0">
  <testcase name="GoogleTest" time="20.401" classname="com.project.selenium.GoogleDemo"/>
</testsuite> <!-- com.project.selenium.GoogleDemo -->
