<?xml version="1.0" encoding="UTF-8"?>
<!-- Generated by org.testng.reporters.JUnitReportReporter -->
<testsuite hostname="NODE514" name="com.project.selenium2.TestNGTest2" tests="3" failures="0" timestamp="18 Oct 2016 11:29:31 GMT" time="0.027" errors="0">
  <testcase name="selenium2_test1" time="0.019" classname="com.project.selenium2.TestNGTest2"/>
  <testcase name="selenium2_test3" time="0.004" classname="com.project.selenium2.TestNGTest2"/>
  <testcase name="selenium2_test2" time="0.004" classname="com.project.selenium2.TestNGTest2"/>
</testsuite> <!-- com.project.selenium2.TestNGTest2 -->
