<?xml version="1.0" encoding="UTF-8"?>
<!-- Generated by org.testng.reporters.JUnitReportReporter -->
<testsuite hostname="NODE514" name="com.project.selenium.TestNGTest" tests="3" failures="0" timestamp="17 Oct 2016 04:55:26 GMT" time="0.035" errors="0">
  <testcase name="test2" time="0.012" classname="com.project.selenium.TestNGTest"/>
  <testcase name="test3" time="0.016" classname="com.project.selenium.TestNGTest"/>
  <testcase name="test1" time="0.007" classname="com.project.selenium.TestNGTest"/>
</testsuite> <!-- com.project.selenium.TestNGTest -->
