<?xml version="1.0" encoding="UTF-8"?>
<!-- Generated by org.testng.reporters.JUnitReportReporter -->
<testsuite hostname="NODE514" name="com.project.selenium.TestNGTTest" tests="3" failures="0" timestamp="17 Oct 2016 04:08:50 GMT" time="0.027" errors="0">
  <testcase name="test3" time="0.010" classname="com.project.selenium.TestNGTTest"/>
  <testcase name="test2" time="0.006" classname="com.project.selenium.TestNGTTest"/>
  <testcase name="test1" time="0.011" classname="com.project.selenium.TestNGTTest"/>
</testsuite> <!-- com.project.selenium.TestNGTTest -->
